<?xml version="1.0" encoding="UTF-8"?>
<!-- Generated by org.testng.reporters.JUnitReportReporter -->
<testsuite name="BS23.TariqurTask.TestCases" tests="3" time="85.850" ignored="0" failures="0" timestamp="22 May 2021 07:47:38 GMT" skipped="0" hostname="kaveue" errors="0">
  <testcase name="reg_Positive" time="14.008" classname="BS23.TariqurTask.TestCases"/>
  <testcase name="reg2nd_Positive" time="10.518" classname="BS23.TariqurTask.TestCases"/>
  <testcase name="purchase" time="61.324" classname="BS23.TariqurTask.TestCases"/>
</testsuite> <!-- BS23.TariqurTask.TestCases -->
